# JRE version: OpenJDK Runtime Environment (17.0.11) (build 17.0.11+0--11852314)
# Java VM: OpenJDK 64-Bit Server VM (17.0.11+0--11852314, mixed mode, tiered, compressed oops, compressed class ptrs, g1 gc, windows-amd64)
GC Precious Log:
 CPUs: 12 total, 12 available
 Memory: 16105M
 Large Page Support: Disabled
 NUMA Support: Disabled
 Compressed Oops: Enabled (32-bit)
 Heap Region Size: 1M
 Heap Min Capacity: 8M
 Heap Initial Capacity: 252M
 Heap Max Capacity: 2G
 Pre-touch: Disabled
 Parallel Workers: 10
 Concurrent Workers: 3
 Concurrent Refinement Workers: 10
 Periodic GC: Disabled
Heap:
 garbage-first heap   total 357376K, used 145476K [0x0000000080000000, 0x0000000100000000)
  region size 1024K, 2 young (2048K), 2 survivors (2048K)
 Metaspace       used 154226K, committed 155712K, reserved 1245184K
  class space    used 20839K, committed 21504K, reserved 1048576K
GC Heap History (20 events):
Event: 1064.077 GC heap after
{Heap after GC invocations=75 (full 0):
 garbage-first heap   total 357376K, used 139736K [0x0000000080000000, 0x0000000100000000)
  region size 1024K, 2 young (2048K), 2 survivors (2048K)
 Metaspace       used 152058K, committed 153152K, reserved 1245184K
  class space    used 20566K, committed 21056K, reserved 1048576K
}
Event: 1065.597 GC heap before
{Heap before GC invocations=75 (full 0):
 garbage-first heap   total 357376K, used 175576K [0x0000000080000000, 0x0000000100000000)
  region size 1024K, 39 young (39936K), 2 survivors (2048K)
 Metaspace       used 152098K, committed 153152K, reserved 1245184K
  class space    used 20566K, committed 21056K, reserved 1048576K
}
Event: 1065.600 GC heap after
{Heap after GC invocations=76 (full 0):
 garbage-first heap   total 357376K, used 139801K [0x0000000080000000, 0x0000000100000000)
  region size 1024K, 2 young (2048K), 2 survivors (2048K)
 Metaspace       used 152098K, committed 153152K, reserved 1245184K
  class space    used 20566K, committed 21056K, reserved 1048576K
}
Event: 1529.349 GC heap before
{Heap before GC invocations=77 (full 0):
 garbage-first heap   total 357376K, used 317977K [0x0000000080000000, 0x0000000100000000)
  region size 1024K, 142 young (145408K), 2 survivors (2048K)
 Metaspace       used 152853K, committed 154176K, reserved 1245184K
  class space    used 20697K, committed 21312K, reserved 1048576K
}
Event: 1529.358 GC heap after
{Heap after GC invocations=78 (full 0):
 garbage-first heap   total 357376K, used 149844K [0x0000000080000000, 0x0000000100000000)
  region size 1024K, 12 young (12288K), 12 survivors (12288K)
 Metaspace       used 152853K, committed 154176K, reserved 1245184K
  class space    used 20697K, committed 21312K, reserved 1048576K
}
Event: 1529.384 GC heap before
{Heap before GC invocations=78 (full 0):
 garbage-first heap   total 357376K, used 154964K [0x0000000080000000, 0x0000000100000000)
  region size 1024K, 17 young (17408K), 12 survivors (12288K)
 Metaspace       used 152882K, committed 154240K, reserved 1245184K
  class space    used 20703K, committed 21312K, reserved 1048576K
}
Event: 1529.395 GC heap after
{Heap after GC invocations=79 (full 0):
 garbage-first heap   total 357376K, used 142395K [0x0000000080000000, 0x0000000100000000)
  region size 1024K, 2 young (2048K), 2 survivors (2048K)
 Metaspace       used 152882K, committed 154240K, reserved 1245184K
  class space    used 20703K, committed 21312K, reserved 1048576K
}
Event: 1530.926 GC heap before
{Heap before GC invocations=79 (full 0):
 garbage-first heap   total 357376K, used 177211K [0x0000000080000000, 0x0000000100000000)
  region size 1024K, 38 young (38912K), 2 survivors (2048K)
 Metaspace       used 153093K, committed 154496K, reserved 1245184K
  class space    used 20761K, committed 21376K, reserved 1048576K
}
Event: 1530.929 GC heap after
{Heap after GC invocations=80 (full 0):
 garbage-first heap   total 357376K, used 142429K [0x0000000080000000, 0x0000000100000000)
  region size 1024K, 2 young (2048K), 2 survivors (2048K)
 Metaspace       used 153093K, committed 154496K, reserved 1245184K
  class space    used 20761K, committed 21376K, reserved 1048576K
}
Event: 1600.376 GC heap before
{Heap before GC invocations=81 (full 0):
 garbage-first heap   total 357376K, used 306269K [0x0000000080000000, 0x0000000100000000)
  region size 1024K, 145 young (148480K), 2 survivors (2048K)
 Metaspace       used 154004K, committed 155456K, reserved 1245184K
  class space    used 20839K, committed 21504K, reserved 1048576K
}
Event: 1600.384 GC heap after
{Heap after GC invocations=82 (full 0):
 garbage-first heap   total 357376K, used 153609K [0x0000000080000000, 0x0000000100000000)
  region size 1024K, 11 young (11264K), 11 survivors (11264K)
 Metaspace       used 154004K, committed 155456K, reserved 1245184K
  class space    used 20839K, committed 21504K, reserved 1048576K
}
Event: 1600.458 GC heap before
{Heap before GC invocations=82 (full 0):
 garbage-first heap   total 357376K, used 158729K [0x0000000080000000, 0x0000000100000000)
  region size 1024K, 17 young (17408K), 11 survivors (11264K)
 Metaspace       used 154051K, committed 155520K, reserved 1245184K
  class space    used 20839K, committed 21504K, reserved 1048576K
}
Event: 1600.470 GC heap after
{Heap after GC invocations=83 (full 0):
 garbage-first heap   total 357376K, used 141457K [0x0000000080000000, 0x0000000100000000)
  region size 1024K, 2 young (2048K), 2 survivors (2048K)
 Metaspace       used 154051K, committed 155520K, reserved 1245184K
  class space    used 20839K, committed 21504K, reserved 1048576K
}
Event: 1600.500 GC heap before
{Heap before GC invocations=83 (full 0):
 garbage-first heap   total 357376K, used 145553K [0x0000000080000000, 0x0000000100000000)
  region size 1024K, 8 young (8192K), 2 survivors (2048K)
 Metaspace       used 154054K, committed 155520K, reserved 1245184K
  class space    used 20839K, committed 21504K, reserved 1048576K
}
Event: 1600.502 GC heap after
{Heap after GC invocations=84 (full 0):
 garbage-first heap   total 357376K, used 140906K [0x0000000080000000, 0x0000000100000000)
  region size 1024K, 1 young (1024K), 1 survivors (1024K)
 Metaspace       used 154054K, committed 155520K, reserved 1245184K
  class space    used 20839K, committed 21504K, reserved 1048576K
}
Event: 1669.275 GC heap before
{Heap before GC invocations=85 (full 0):
 garbage-first heap   total 357376K, used 328298K [0x0000000080000000, 0x0000000100000000)
  region size 1024K, 150 young (153600K), 1 survivors (1024K)
 Metaspace       used 154217K, committed 155712K, reserved 1245184K
  class space    used 20839K, committed 21504K, reserved 1048576K
}
Event: 1669.285 GC heap after
{Heap after GC invocations=86 (full 0):
 garbage-first heap   total 357376K, used 154187K [0x0000000080000000, 0x0000000100000000)
  region size 1024K, 14 young (14336K), 14 survivors (14336K)
 Metaspace       used 154217K, committed 155712K, reserved 1245184K
  class space    used 20839K, committed 21504K, reserved 1048576K
}
Event: 1669.288 GC heap before
{Heap before GC invocations=86 (full 0):
 garbage-first heap   total 357376K, used 156235K [0x0000000080000000, 0x0000000100000000)
  region size 1024K, 17 young (17408K), 14 survivors (14336K)
 Metaspace       used 154217K, committed 155712K, reserved 1245184K
  class space    used 20839K, committed 21504K, reserved 1048576K
}
Event: 1669.300 GC heap after
{Heap after GC invocations=87 (full 0):
 garbage-first heap   total 357376K, used 145425K [0x0000000080000000, 0x0000000100000000)
  region size 1024K, 2 young (2048K), 2 survivors (2048K)
 Metaspace       used 154217K, committed 155712K, reserved 1245184K
  class space    used 20839K, committed 21504K, reserved 1048576K
}
Event: 1669.395 GC heap before
{Heap before GC invocations=87 (full 0):
 garbage-first heap   total 357376K, used 160785K [0x0000000080000000, 0x0000000100000000)
  region size 1024K, 19 young (19456K), 2 survivors (2048K)
 Metaspace       used 154226K, committed 155712K, reserved 1245184K
  class space    used 20839K, committed 21504K, reserved 1048576K
}

