# JRE version: OpenJDK Runtime Environment (17.0.11) (build 17.0.11+0--11852314)
# Java VM: OpenJDK 64-Bit Server VM (17.0.11+0--11852314, mixed mode, tiered, compressed oops, compressed class ptrs, g1 gc, windows-amd64)
GC Precious Log:
 CPUs: 12 total, 12 available
 Memory: 16105M
 Large Page Support: Disabled
 NUMA Support: Disabled
 Compressed Oops: Enabled (32-bit)
 Heap Region Size: 1M
 Heap Min Capacity: 8M
 Heap Initial Capacity: 252M
 Heap Max Capacity: 2G
 Pre-touch: Disabled
 Parallel Workers: 10
 Concurrent Workers: 3
 Concurrent Refinement Workers: 10
 Periodic GC: Disabled
Heap:
 garbage-first heap   total 268288K, used 225161K [0x0000000080000000, 0x0000000100000000)
  region size 1024K, 81 young (82944K), 7 survivors (7168K)
 Metaspace       used 115906K, committed 116736K, reserved 1179648K
  class space    used 15698K, committed 16064K, reserved 1048576K
GC Heap History (20 events):
Event: 22.850 GC heap before
{Heap before GC invocations=58 (full 0):
 garbage-first heap   total 242688K, used 217959K [0x0000000080000000, 0x0000000100000000)
  region size 1024K, 79 young (80896K), 2 survivors (2048K)
 Metaspace       used 100625K, committed 101440K, reserved 1179648K
  class space    used 13834K, committed 14208K, reserved 1048576K
}
Event: 22.855 GC heap after
{Heap after GC invocations=59 (full 0):
 garbage-first heap   total 242688K, used 144720K [0x0000000080000000, 0x0000000100000000)
  region size 1024K, 8 young (8192K), 8 survivors (8192K)
 Metaspace       used 100625K, committed 101440K, reserved 1179648K
  class space    used 13834K, committed 14208K, reserved 1048576K
}
Event: 22.898 GC heap before
{Heap before GC invocations=59 (full 0):
 garbage-first heap   total 242688K, used 146768K [0x0000000080000000, 0x0000000100000000)
  region size 1024K, 11 young (11264K), 8 survivors (8192K)
 Metaspace       used 100849K, committed 101632K, reserved 1179648K
  class space    used 13864K, committed 14208K, reserved 1048576K
}
Event: 22.902 GC heap after
{Heap after GC invocations=60 (full 0):
 garbage-first heap   total 242688K, used 141852K [0x0000000080000000, 0x0000000100000000)
  region size 1024K, 1 young (1024K), 1 survivors (1024K)
 Metaspace       used 100849K, committed 101632K, reserved 1179648K
  class space    used 13864K, committed 14208K, reserved 1048576K
}
Event: 23.807 GC heap before
{Heap before GC invocations=60 (full 0):
 garbage-first heap   total 242688K, used 205340K [0x0000000080000000, 0x0000000100000000)
  region size 1024K, 63 young (64512K), 1 survivors (1024K)
 Metaspace       used 106595K, committed 107392K, reserved 1179648K
  class space    used 14684K, committed 15040K, reserved 1048576K
}
Event: 23.811 GC heap after
{Heap after GC invocations=61 (full 0):
 garbage-first heap   total 242688K, used 143394K [0x0000000080000000, 0x0000000100000000)
  region size 1024K, 3 young (3072K), 3 survivors (3072K)
 Metaspace       used 106595K, committed 107392K, reserved 1179648K
  class space    used 14684K, committed 15040K, reserved 1048576K
}
Event: 24.547 GC heap before
{Heap before GC invocations=62 (full 0):
 garbage-first heap   total 247808K, used 207906K [0x0000000080000000, 0x0000000100000000)
  region size 1024K, 64 young (65536K), 3 survivors (3072K)
 Metaspace       used 110031K, committed 110848K, reserved 1179648K
  class space    used 15173K, committed 15552K, reserved 1048576K
}
Event: 24.551 GC heap after
{Heap after GC invocations=63 (full 0):
 garbage-first heap   total 247808K, used 149251K [0x0000000080000000, 0x0000000100000000)
  region size 1024K, 6 young (6144K), 6 survivors (6144K)
 Metaspace       used 110031K, committed 110848K, reserved 1179648K
  class space    used 15173K, committed 15552K, reserved 1048576K
}
Event: 24.587 GC heap before
{Heap before GC invocations=63 (full 0):
 garbage-first heap   total 247808K, used 155395K [0x0000000080000000, 0x0000000100000000)
  region size 1024K, 12 young (12288K), 6 survivors (6144K)
 Metaspace       used 110043K, committed 110848K, reserved 1179648K
  class space    used 15173K, committed 15552K, reserved 1048576K
}
Event: 24.591 GC heap after
{Heap after GC invocations=64 (full 0):
 garbage-first heap   total 247808K, used 147310K [0x0000000080000000, 0x0000000100000000)
  region size 1024K, 1 young (1024K), 1 survivors (1024K)
 Metaspace       used 110043K, committed 110848K, reserved 1179648K
  class space    used 15173K, committed 15552K, reserved 1048576K
}
Event: 24.910 GC heap before
{Heap before GC invocations=64 (full 0):
 garbage-first heap   total 247808K, used 209774K [0x0000000080000000, 0x0000000100000000)
  region size 1024K, 62 young (63488K), 1 survivors (1024K)
 Metaspace       used 110046K, committed 110848K, reserved 1179648K
  class space    used 15173K, committed 15552K, reserved 1048576K
}
Event: 24.911 GC heap after
{Heap after GC invocations=65 (full 0):
 garbage-first heap   total 247808K, used 146959K [0x0000000080000000, 0x0000000100000000)
  region size 1024K, 1 young (1024K), 1 survivors (1024K)
 Metaspace       used 110046K, committed 110848K, reserved 1179648K
  class space    used 15173K, committed 15552K, reserved 1048576K
}
Event: 25.265 GC heap before
{Heap before GC invocations=66 (full 0):
 garbage-first heap   total 268288K, used 211471K [0x0000000080000000, 0x0000000100000000)
  region size 1024K, 64 young (65536K), 1 survivors (1024K)
 Metaspace       used 110049K, committed 110848K, reserved 1179648K
  class space    used 15173K, committed 15552K, reserved 1048576K
}
Event: 25.267 GC heap after
{Heap after GC invocations=67 (full 0):
 garbage-first heap   total 268288K, used 147030K [0x0000000080000000, 0x0000000100000000)
  region size 1024K, 1 young (1024K), 1 survivors (1024K)
 Metaspace       used 110049K, committed 110848K, reserved 1179648K
  class space    used 15173K, committed 15552K, reserved 1048576K
}
Event: 25.317 GC heap before
{Heap before GC invocations=67 (full 0):
 garbage-first heap   total 268288K, used 159318K [0x0000000080000000, 0x0000000100000000)
  region size 1024K, 13 young (13312K), 1 survivors (1024K)
 Metaspace       used 110049K, committed 110848K, reserved 1179648K
  class space    used 15173K, committed 15552K, reserved 1048576K
}
Event: 25.319 GC heap after
{Heap after GC invocations=68 (full 0):
 garbage-first heap   total 268288K, used 146050K [0x0000000080000000, 0x0000000100000000)
  region size 1024K, 1 young (1024K), 1 survivors (1024K)
 Metaspace       used 110049K, committed 110848K, reserved 1179648K
  class space    used 15173K, committed 15552K, reserved 1048576K
}
Event: 25.634 GC heap before
{Heap before GC invocations=68 (full 0):
 garbage-first heap   total 268288K, used 227970K [0x0000000080000000, 0x0000000100000000)
  region size 1024K, 81 young (82944K), 1 survivors (1024K)
 Metaspace       used 110056K, committed 110848K, reserved 1179648K
  class space    used 15174K, committed 15552K, reserved 1048576K
}
Event: 25.636 GC heap after
{Heap after GC invocations=69 (full 0):
 garbage-first heap   total 268288K, used 146217K [0x0000000080000000, 0x0000000100000000)
  region size 1024K, 1 young (1024K), 1 survivors (1024K)
 Metaspace       used 110056K, committed 110848K, reserved 1179648K
  class space    used 15174K, committed 15552K, reserved 1048576K
}
Event: 26.507 GC heap before
{Heap before GC invocations=69 (full 0):
 garbage-first heap   total 268288K, used 233257K [0x0000000080000000, 0x0000000100000000)
  region size 1024K, 82 young (83968K), 1 survivors (1024K)
 Metaspace       used 114143K, committed 114944K, reserved 1179648K
  class space    used 15516K, committed 15872K, reserved 1048576K
}
Event: 26.513 GC heap after
{Heap after GC invocations=70 (full 0):
 garbage-first heap   total 268288K, used 150409K [0x0000000080000000, 0x0000000100000000)
  region size 1024K, 7 young (7168K), 7 survivors (7168K)
 Metaspace       used 114143K, committed 114944K, reserved 1179648K
  class space    used 15516K, committed 15872K, reserved 1048576K
}

