# JRE version: OpenJDK Runtime Environment (17.0.11) (build 17.0.11+0--11852314)
# Java VM: OpenJDK 64-Bit Server VM (17.0.11+0--11852314, mixed mode, tiered, compressed oops, compressed class ptrs, g1 gc, windows-amd64)
GC Precious Log:
 CPUs: 12 total, 12 available
 Memory: 16105M
 Large Page Support: Disabled
 NUMA Support: Disabled
 Compressed Oops: Enabled (32-bit)
 Heap Region Size: 1M
 Heap Min Capacity: 8M
 Heap Initial Capacity: 252M
 Heap Max Capacity: 2G
 Pre-touch: Disabled
 Parallel Workers: 10
 Concurrent Workers: 3
 Concurrent Refinement Workers: 10
 Periodic GC: Disabled
Heap:
 garbage-first heap   total 233472K, used 78609K [0x0000000080000000, 0x0000000100000000)
  region size 1024K, 11 young (11264K), 11 survivors (11264K)
 Metaspace       used 57847K, committed 58304K, reserved 1114112K
  class space    used 7802K, committed 8000K, reserved 1048576K
GC Heap History (20 events):
Event: 14.915 GC heap after
{Heap after GC invocations=49 (full 0):
 garbage-first heap   total 194560K, used 66880K [0x0000000080000000, 0x0000000100000000)
  region size 1024K, 8 young (8192K), 8 survivors (8192K)
 Metaspace       used 57247K, committed 57728K, reserved 1114112K
  class space    used 7745K, committed 7936K, reserved 1048576K
}
Event: 15.191 GC heap before
{Heap before GC invocations=49 (full 0):
 garbage-first heap   total 194560K, used 165184K [0x0000000080000000, 0x0000000100000000)
  region size 1024K, 104 young (106496K), 8 survivors (8192K)
 Metaspace       used 57247K, committed 57728K, reserved 1114112K
  class space    used 7745K, committed 7936K, reserved 1048576K
}
Event: 15.196 GC heap after
{Heap after GC invocations=50 (full 0):
 garbage-first heap   total 194560K, used 64686K [0x0000000080000000, 0x0000000100000000)
  region size 1024K, 8 young (8192K), 8 survivors (8192K)
 Metaspace       used 57247K, committed 57728K, reserved 1114112K
  class space    used 7745K, committed 7936K, reserved 1048576K
}
Event: 16.273 GC heap before
{Heap before GC invocations=50 (full 0):
 garbage-first heap   total 194560K, used 169134K [0x0000000080000000, 0x0000000100000000)
  region size 1024K, 107 young (109568K), 8 survivors (8192K)
 Metaspace       used 57547K, committed 57984K, reserved 1114112K
  class space    used 7764K, committed 8000K, reserved 1048576K
}
Event: 16.277 GC heap after
{Heap after GC invocations=51 (full 0):
 garbage-first heap   total 194560K, used 64433K [0x0000000080000000, 0x0000000100000000)
  region size 1024K, 5 young (5120K), 5 survivors (5120K)
 Metaspace       used 57547K, committed 57984K, reserved 1114112K
  class space    used 7764K, committed 8000K, reserved 1048576K
}
Event: 16.673 GC heap before
{Heap before GC invocations=51 (full 0):
 garbage-first heap   total 194560K, used 171953K [0x0000000080000000, 0x0000000100000000)
  region size 1024K, 106 young (108544K), 5 survivors (5120K)
 Metaspace       used 57761K, committed 58240K, reserved 1114112K
  class space    used 7797K, committed 8000K, reserved 1048576K
}
Event: 16.678 GC heap after
{Heap after GC invocations=52 (full 0):
 garbage-first heap   total 194560K, used 72378K [0x0000000080000000, 0x0000000100000000)
  region size 1024K, 8 young (8192K), 8 survivors (8192K)
 Metaspace       used 57761K, committed 58240K, reserved 1114112K
  class space    used 7797K, committed 8000K, reserved 1048576K
}
Event: 16.795 GC heap before
{Heap before GC invocations=52 (full 0):
 garbage-first heap   total 194560K, used 164538K [0x0000000080000000, 0x0000000100000000)
  region size 1024K, 99 young (101376K), 8 survivors (8192K)
 Metaspace       used 57808K, committed 58304K, reserved 1114112K
  class space    used 7798K, committed 8000K, reserved 1048576K
}
Event: 16.798 GC heap after
{Heap after GC invocations=53 (full 0):
 garbage-first heap   total 194560K, used 72764K [0x0000000080000000, 0x0000000100000000)
  region size 1024K, 8 young (8192K), 8 survivors (8192K)
 Metaspace       used 57808K, committed 58304K, reserved 1114112K
  class space    used 7798K, committed 8000K, reserved 1048576K
}
Event: 16.948 GC heap before
{Heap before GC invocations=53 (full 0):
 garbage-first heap   total 194560K, used 164924K [0x0000000080000000, 0x0000000100000000)
  region size 1024K, 99 young (101376K), 8 survivors (8192K)
 Metaspace       used 57819K, committed 58304K, reserved 1114112K
  class space    used 7798K, committed 8000K, reserved 1048576K
}
Event: 16.952 GC heap after
{Heap after GC invocations=54 (full 0):
 garbage-first heap   total 233472K, used 73387K [0x0000000080000000, 0x0000000100000000)
  region size 1024K, 8 young (8192K), 8 survivors (8192K)
 Metaspace       used 57819K, committed 58304K, reserved 1114112K
  class space    used 7798K, committed 8000K, reserved 1048576K
}
Event: 17.206 GC heap before
{Heap before GC invocations=54 (full 0):
 garbage-first heap   total 233472K, used 200363K [0x0000000080000000, 0x0000000100000000)
  region size 1024K, 132 young (135168K), 8 survivors (8192K)
 Metaspace       used 57824K, committed 58304K, reserved 1114112K
  class space    used 7798K, committed 8000K, reserved 1048576K
}
Event: 17.211 GC heap after
{Heap after GC invocations=55 (full 0):
 garbage-first heap   total 233472K, used 73429K [0x0000000080000000, 0x0000000100000000)
  region size 1024K, 8 young (8192K), 8 survivors (8192K)
 Metaspace       used 57824K, committed 58304K, reserved 1114112K
  class space    used 7798K, committed 8000K, reserved 1048576K
}
Event: 17.570 GC heap before
{Heap before GC invocations=55 (full 0):
 garbage-first heap   total 233472K, used 200405K [0x0000000080000000, 0x0000000100000000)
  region size 1024K, 132 young (135168K), 8 survivors (8192K)
 Metaspace       used 57838K, committed 58304K, reserved 1114112K
  class space    used 7801K, committed 8000K, reserved 1048576K
}
Event: 17.575 GC heap after
{Heap after GC invocations=56 (full 0):
 garbage-first heap   total 233472K, used 74694K [0x0000000080000000, 0x0000000100000000)
  region size 1024K, 9 young (9216K), 9 survivors (9216K)
 Metaspace       used 57838K, committed 58304K, reserved 1114112K
  class space    used 7801K, committed 8000K, reserved 1048576K
}
Event: 17.872 GC heap before
{Heap before GC invocations=56 (full 0):
 garbage-first heap   total 233472K, used 199622K [0x0000000080000000, 0x0000000100000000)
  region size 1024K, 131 young (134144K), 9 survivors (9216K)
 Metaspace       used 57844K, committed 58304K, reserved 1114112K
  class space    used 7801K, committed 8000K, reserved 1048576K
}
Event: 17.877 GC heap after
{Heap after GC invocations=57 (full 0):
 garbage-first heap   total 233472K, used 75955K [0x0000000080000000, 0x0000000100000000)
  region size 1024K, 11 young (11264K), 11 survivors (11264K)
 Metaspace       used 57844K, committed 58304K, reserved 1114112K
  class space    used 7801K, committed 8000K, reserved 1048576K
}
Event: 18.181 GC heap before
{Heap before GC invocations=57 (full 0):
 garbage-first heap   total 233472K, used 196787K [0x0000000080000000, 0x0000000100000000)
  region size 1024K, 129 young (132096K), 11 survivors (11264K)
 Metaspace       used 57846K, committed 58304K, reserved 1114112K
  class space    used 7802K, committed 8000K, reserved 1048576K
}
Event: 18.188 GC heap after
{Heap after GC invocations=58 (full 0):
 garbage-first heap   total 233472K, used 77426K [0x0000000080000000, 0x0000000100000000)
  region size 1024K, 9 young (9216K), 9 survivors (9216K)
 Metaspace       used 57846K, committed 58304K, reserved 1114112K
  class space    used 7802K, committed 8000K, reserved 1048576K
}
Event: 18.450 GC heap before
{Heap before GC invocations=58 (full 0):
 garbage-first heap   total 233472K, used 200306K [0x0000000080000000, 0x0000000100000000)
  region size 1024K, 129 young (132096K), 9 survivors (9216K)
 Metaspace       used 57847K, committed 58304K, reserved 1114112K
  class space    used 7802K, committed 8000K, reserved 1048576K
}

